[0617/172212.542:ERROR:process_info.cc(329)] VirtualQueryEx: Access is denied. (0x5)
[0617/172212.560:ERROR:process_info.cc(556)] ReadMemoryInfo failed
[0617/172212.567:ERROR:process_info.cc(329)] VirtualQueryEx: Access is denied. (0x5)
[0617/172212.567:ERROR:process_info.cc(556)] ReadMemoryInfo failed
[0617/172212.650:ERROR:process_info.cc(329)] VirtualQueryEx: Access is denied. (0x5)
[0617/172212.650:ERROR:process_info.cc(556)] ReadMemoryInfo failed
[0617/172212.673:ERROR:process_info.cc(329)] VirtualQueryEx: Access is denied. (0x5)
[0617/172212.673:ERROR:process_info.cc(556)] ReadMemoryInfo failed
[0617/172212.779:ERROR:process_info.cc(329)] VirtualQueryEx: Access is denied. (0x5)
[0617/172212.779:ERROR:process_info.cc(556)] ReadMemoryInfo failed
[0617/172212.780:ERROR:scoped_process_suspend.cc(40)] NtResumeProcess: An attempt was made to access an exiting process. (0xc000010a)
[0617/172212.560:ERROR:scoped_process_suspend.cc(40)] NtResumeProcess: An attempt was made to access an exiting process. (0xc000010a)
[0617/172212.268:ERROR:process_reader_win.cc(123)] NtOpenThread: {Access Denied} A process has requested access to an object, but has not been granted those access rights. (0xc0000022)
[0617/172212.875:ERROR:exception_snapshot_win.cc(98)] thread ID 12444 not found in process
[0617/172212.378:ERROR:process_reader_win.cc(123)] NtOpenThread: {Access Denied} A process has requested access to an object, but has not been granted those access rights. (0xc0000022)
[0617/172212.875:ERROR:exception_snapshot_win.cc(98)] thread ID 11620 not found in process
[0617/172212.650:ERROR:scoped_process_suspend.cc(40)] NtResumeProcess: An attempt was made to access an exiting process. (0xc000010a)
[0617/172212.861:ERROR:process_reader_win.cc(123)] NtOpenThread: {Access Denied} A process has requested access to an object, but has not been granted those access rights. (0xc0000022)
[0617/172212.567:ERROR:scoped_process_suspend.cc(40)] NtResumeProcess: An attempt was made to access an exiting process. (0xc000010a)
[0617/172212.876:ERROR:exception_snapshot_win.cc(98)] thread ID 9384 not found in process
[0617/172212.673:ERROR:scoped_process_suspend.cc(40)] NtResumeProcess: An attempt was made to access an exiting process. (0xc000010a)
